<?xml version="1.0" encoding="UTF-8"?>
<testng-results skipped="6" failed="1" total="7" passed="0">
  <reporter-output>
  </reporter-output>
  <suite name="Suite" duration-ms="25458" started-at="2022-04-03T10:42:36Z" finished-at="2022-04-03T10:43:02Z">
    <groups>
    </groups>
    <test name="Corn Replant Claim" duration-ms="25458" started-at="2022-04-03T10:42:36Z" finished-at="2022-04-03T10:43:02Z">
      <class name="BankingApplication.Add_NewCustomer">
        <test-method status="PASS" signature="claimsLaunch()[pri:0, instance:BankingApplication.Add_NewCustomer@6fa34d52]" name="claimsLaunch" is-config="true" duration-ms="10264" started-at="2022-04-03T16:12:36Z" description="Launching the Chrome Browser" finished-at="2022-04-03T16:12:47Z">
          <reporter-output>
          </reporter-output>
        </test-method> <!-- claimsLaunch -->
        <test-method status="FAIL" signature="addNewCustomerPage()[pri:0, instance:BankingApplication.Add_NewCustomer@6fa34d52]" name="addNewCustomerPage" duration-ms="10202" started-at="2022-04-03T16:12:47Z" description="Clicking on 2017 Link from Homepage" finished-at="2022-04-03T16:12:57Z">
          <exception class="org.openqa.selenium.NoSuchElementException">
            <message>
              <![CDATA[no such element: Unable to locate element: {"method":"xpath","selector":"//*[text()='Add New Customer']"}
  (Session info: chrome=100.0.4896.60)
For documentation on this error, please visit: http://seleniumhq.org/exceptions/no_such_element.html
Build info: version: '3.4.0', revision: 'unknown', time: 'unknown'
System info: host: 'DESKTOP-6I6TTTC', ip: '192.168.1.5', os.name: 'Windows 10', os.arch: 'amd64', os.version: '10.0', java.version: '1.8.0_231'
Driver info: org.openqa.selenium.chrome.ChromeDriver
Capabilities [{networkConnectionEnabled=false, chrome={chromedriverVersion=99.0.4844.51 (d537ec02474b5afe23684e7963d538896c63ac77-refs/branch-heads/4844@{#875}), userDataDir=C:\Users\SARAVA~1\AppData\Local\Temp\scoped_dir1308_398239039}, timeouts={implicit=0.0, pageLoad=300000.0, script=30000.0}, pageLoadStrategy=normal, unhandledPromptBehavior=dismiss and notify, strictFileInteractability=false, platform=ANY, proxy=Proxy(), goog:chromeOptions={debuggerAddress=localhost:60782}, webauthn:extension:credBlob=true, acceptInsecureCerts=false, browserVersion=100.0.4896.60, browserName=chrome, javascriptEnabled=true, platformName=windows, setWindowRect=true, webauthn:extension:largeBlob=true, webauthn:virtualAuthenticators=true}]
Session ID: de7635eed2bad15694535c790d7fac9f
*** Element info: {Using=xpath, value=//*[text()='Add New Customer']}]]>
            </message>
            <full-stacktrace>
              <![CDATA[org.openqa.selenium.NoSuchElementException: no such element: Unable to locate element: {"method":"xpath","selector":"//*[text()='Add New Customer']"}
  (Session info: chrome=100.0.4896.60)
For documentation on this error, please visit: http://seleniumhq.org/exceptions/no_such_element.html
Build info: version: '3.4.0', revision: 'unknown', time: 'unknown'
System info: host: 'DESKTOP-6I6TTTC', ip: '192.168.1.5', os.name: 'Windows 10', os.arch: 'amd64', os.version: '10.0', java.version: '1.8.0_231'
Driver info: org.openqa.selenium.chrome.ChromeDriver
Capabilities [{networkConnectionEnabled=false, chrome={chromedriverVersion=99.0.4844.51 (d537ec02474b5afe23684e7963d538896c63ac77-refs/branch-heads/4844@{#875}), userDataDir=C:\Users\SARAVA~1\AppData\Local\Temp\scoped_dir1308_398239039}, timeouts={implicit=0.0, pageLoad=300000.0, script=30000.0}, pageLoadStrategy=normal, unhandledPromptBehavior=dismiss and notify, strictFileInteractability=false, platform=ANY, proxy=Proxy(), goog:chromeOptions={debuggerAddress=localhost:60782}, webauthn:extension:credBlob=true, acceptInsecureCerts=false, browserVersion=100.0.4896.60, browserName=chrome, javascriptEnabled=true, platformName=windows, setWindowRect=true, webauthn:extension:largeBlob=true, webauthn:virtualAuthenticators=true}]
Session ID: de7635eed2bad15694535c790d7fac9f
*** Element info: {Using=xpath, value=//*[text()='Add New Customer']}
	at sun.reflect.NativeConstructorAccessorImpl.newInstance0(Native Method)
	at sun.reflect.NativeConstructorAccessorImpl.newInstance(NativeConstructorAccessorImpl.java:62)
	at sun.reflect.DelegatingConstructorAccessorImpl.newInstance(DelegatingConstructorAccessorImpl.java:45)
	at java.lang.reflect.Constructor.newInstance(Constructor.java:423)
	at org.openqa.selenium.remote.http.W3CHttpResponseCodec.createException(W3CHttpResponseCodec.java:150)
	at org.openqa.selenium.remote.http.W3CHttpResponseCodec.decode(W3CHttpResponseCodec.java:115)
	at org.openqa.selenium.remote.http.W3CHttpResponseCodec.decode(W3CHttpResponseCodec.java:45)
	at org.openqa.selenium.remote.HttpCommandExecutor.execute(HttpCommandExecutor.java:164)
	at org.openqa.selenium.remote.service.DriverCommandExecutor.execute(DriverCommandExecutor.java:82)
	at org.openqa.selenium.remote.RemoteWebDriver.execute(RemoteWebDriver.java:637)
	at org.openqa.selenium.remote.RemoteWebDriver.findElement(RemoteWebDriver.java:410)
	at org.openqa.selenium.remote.RemoteWebDriver.findElementByXPath(RemoteWebDriver.java:509)
	at org.openqa.selenium.By$ByXPath.findElement(By.java:361)
	at org.openqa.selenium.remote.RemoteWebDriver.findElement(RemoteWebDriver.java:402)
	at PageObjects.demoGuru.Add_NewCustomerPage.get_addNewCUstomer(Add_NewCustomerPage.java:78)
	at BankingApplication.Add_NewCustomer.addNewCustomerPage(Add_NewCustomer.java:63)
	at sun.reflect.NativeMethodAccessorImpl.invoke0(Native Method)
	at sun.reflect.NativeMethodAccessorImpl.invoke(NativeMethodAccessorImpl.java:62)
	at sun.reflect.DelegatingMethodAccessorImpl.invoke(DelegatingMethodAccessorImpl.java:43)
	at java.lang.reflect.Method.invoke(Method.java:498)
	at org.testng.internal.MethodInvocationHelper.invokeMethod(MethodInvocationHelper.java:80)
	at org.testng.internal.Invoker.invokeMethod(Invoker.java:714)
	at org.testng.internal.Invoker.invokeTestMethod(Invoker.java:901)
	at org.testng.internal.Invoker.invokeTestMethods(Invoker.java:1231)
	at org.testng.internal.TestMethodWorker.invokeTestMethods(TestMethodWorker.java:127)
	at org.testng.internal.TestMethodWorker.run(TestMethodWorker.java:111)
	at org.testng.TestRunner.privateRun(TestRunner.java:767)
	at org.testng.TestRunner.run(TestRunner.java:617)
	at org.testng.SuiteRunner.runTest(SuiteRunner.java:334)
	at org.testng.SuiteRunner.runSequentially(SuiteRunner.java:329)
	at org.testng.SuiteRunner.privateRun(SuiteRunner.java:291)
	at org.testng.SuiteRunner.run(SuiteRunner.java:240)
	at org.testng.SuiteRunnerWorker.runSuite(SuiteRunnerWorker.java:52)
	at org.testng.SuiteRunnerWorker.run(SuiteRunnerWorker.java:86)
	at org.testng.TestNG.runSuitesSequentially(TestNG.java:1198)
	at org.testng.TestNG.runSuitesLocally(TestNG.java:1123)
	at org.testng.TestNG.run(TestNG.java:1031)
	at org.testng.remote.RemoteTestNG.run(RemoteTestNG.java:115)
	at org.testng.remote.RemoteTestNG.initAndRun(RemoteTestNG.java:207)
	at org.testng.remote.RemoteTestNG.main(RemoteTestNG.java:178)
]]>
            </full-stacktrace>
          </exception> <!-- org.openqa.selenium.NoSuchElementException -->
          <reporter-output>
          </reporter-output>
        </test-method> <!-- addNewCustomerPage -->
        <test-method status="SKIP" signature="CustCity()[pri:0, instance:BankingApplication.Add_NewCustomer@6fa34d52]" name="CustCity" duration-ms="0" started-at="2022-04-03T16:12:58Z" description="CustomerCity" depends-on-methods="BankingApplication.Add_NewCustomer.Custaddress" finished-at="2022-04-03T16:12:58Z">
          <reporter-output>
          </reporter-output>
        </test-method> <!-- CustCity -->
        <test-method status="SKIP" signature="CustomerName()[pri:0, instance:BankingApplication.Add_NewCustomer@6fa34d52]" name="CustomerName" duration-ms="0" started-at="2022-04-03T16:12:58Z" description="Enter Customer Name" depends-on-methods="BankingApplication.Add_NewCustomer.addNewCustomerPage" finished-at="2022-04-03T16:12:58Z">
          <reporter-output>
          </reporter-output>
        </test-method> <!-- CustomerName -->
        <test-method status="SKIP" signature="DateofBirth()[pri:0, instance:BankingApplication.Add_NewCustomer@6fa34d52]" name="DateofBirth" duration-ms="0" started-at="2022-04-03T16:12:58Z" description="Enter DOB" depends-on-methods="BankingApplication.Add_NewCustomer.SelectGender" finished-at="2022-04-03T16:12:58Z">
          <reporter-output>
          </reporter-output>
        </test-method> <!-- DateofBirth -->
        <test-method status="SKIP" signature="SelectGender()[pri:0, instance:BankingApplication.Add_NewCustomer@6fa34d52]" name="SelectGender" duration-ms="0" started-at="2022-04-03T16:12:58Z" description="Select Gender" depends-on-methods="BankingApplication.Add_NewCustomer.CustomerName" finished-at="2022-04-03T16:12:58Z">
          <reporter-output>
          </reporter-output>
        </test-method> <!-- SelectGender -->
        <test-method status="SKIP" signature="Custaddress()[pri:0, instance:BankingApplication.Add_NewCustomer@6fa34d52]" name="Custaddress" duration-ms="0" started-at="2022-04-03T16:12:58Z" description="Customeraddress" depends-on-methods="BankingApplication.Add_NewCustomer.DateofBirth" finished-at="2022-04-03T16:12:58Z">
          <reporter-output>
          </reporter-output>
        </test-method> <!-- Custaddress -->
        <test-method status="SKIP" signature="CustState()[pri:0, instance:BankingApplication.Add_NewCustomer@6fa34d52]" name="CustState" duration-ms="0" started-at="2022-04-03T16:12:58Z" description="CustomerState" depends-on-methods="BankingApplication.Add_NewCustomer.CustCity" finished-at="2022-04-03T16:12:58Z">
          <reporter-output>
          </reporter-output>
        </test-method> <!-- CustState -->
        <test-method status="PASS" signature="tearDown()[pri:0, instance:BankingApplication.Add_NewCustomer@6fa34d52]" name="tearDown" is-config="true" duration-ms="4172" started-at="2022-04-03T16:12:58Z" description="Closing the Browser" finished-at="2022-04-03T16:13:02Z">
          <reporter-output>
          </reporter-output>
        </test-method> <!-- tearDown -->
      </class> <!-- BankingApplication.Add_NewCustomer -->
    </test> <!-- Corn Replant Claim -->
  </suite> <!-- Suite -->
</testng-results>
